<?xml version="1.0" encoding="UTF-8"?>
<testng-results ignored="0" total="1" passed="1" failed="0" skipped="0">
  <reporter-output>
  </reporter-output>
  <suite started-at="2023-03-03T07:42:12 IST" name="Suite" finished-at="2023-03-03T07:42:39 IST" duration-ms="27139">
    <groups>
    </groups>
    <test started-at="2023-03-03T07:42:12 IST" name="Sauce Test Execution" finished-at="2023-03-03T07:42:39 IST" duration-ms="27139">
      <class name="com.sauce.testCases.Sauce_Final_Test">
        <test-method is-config="true" signature="setUp()[pri:0, instance:com.sauce.testCases.Sauce_Final_Test@1139b2f3]" started-at="2023-03-03T07:42:13 IST" name="setUp" finished-at="2023-03-03T07:42:23 IST" duration-ms="10392" status="PASS">
          <reporter-output>
          </reporter-output>
        </test-method> <!-- setUp -->
        <test-method signature="login()[pri:0, instance:com.sauce.testCases.Sauce_Final_Test@1139b2f3]" started-at="2023-03-03T07:42:23 IST" name="login" finished-at="2023-03-03T07:42:38 IST" duration-ms="14870" status="PASS">
          <reporter-output>
          </reporter-output>
        </test-method> <!-- login -->
        <test-method is-config="true" signature="tearDown()[pri:0, instance:com.sauce.testCases.Sauce_Final_Test@1139b2f3]" started-at="2023-03-03T07:42:38 IST" name="tearDown" finished-at="2023-03-03T07:42:39 IST" duration-ms="879" status="PASS">
          <reporter-output>
          </reporter-output>
        </test-method> <!-- tearDown -->
      </class> <!-- com.sauce.testCases.Sauce_Final_Test -->
    </test> <!-- Sauce Test Execution -->
  </suite> <!-- Suite -->
</testng-results>
